  main.cpp
C:\Users\loic_\source\repos\Fractal Demo\main.cpp(103,22): warning C4305: '-=' : troncation de 'double' à 'T'
          with
          [
              T=float
          ]
C:\Users\loic_\source\repos\Fractal Demo\main.cpp(106,22): warning C4305: '+=' : troncation de 'double' à 'T'
          with
          [
              T=float
          ]
C:\Users\loic_\source\repos\Fractal Demo\main.cpp(109,22): warning C4305: '-=' : troncation de 'double' à 'T'
          with
          [
              T=float
          ]
C:\Users\loic_\source\repos\Fractal Demo\main.cpp(112,22): warning C4305: '+=' : troncation de 'double' à 'T'
          with
          [
              T=float
          ]
  Génération de code en cours
  2 of 112 functions ( 1.8%) were compiled, the rest were copied from previous compilation.
    1 functions were new in current compilation
    1 functions had inline decision re-evaluated but remain unchanged
  Fin de la génération du code
  Fractal Demo.vcxproj -> C:\Users\loic_\source\repos\Fractal Demo\x64\Release\Fractal Demo.exe
